0 info it worked if it ends with ok
1 verbose cli [ 'node', '/usr/local/bin/npm', 'install' ]
2 info using npm@1.4.28
3 info using node@v0.10.33
4 warn package.json 20141210_Site@1.0.0 No description
5 warn package.json 20141210_Site@1.0.0 No repository field.
6 warn package.json 20141210_Site@1.0.0 No README data
7 verbose readDependencies using package.json deps
8 verbose install where, deps [ '/Users/ivanlesko/Documents/Node Tutorials/20141210_Site',
8 verbose install   [ 'express', 'express3-handlebars' ] ]
9 info preinstall 20141210_Site@1.0.0
10 verbose readDependencies using package.json deps
11 verbose cache add [ 'express@3.5.5', null ]
12 verbose cache add name=undefined spec="express@3.5.5" args=["express@3.5.5",null]
13 verbose parsed url { protocol: null,
13 verbose parsed url   slashes: null,
13 verbose parsed url   auth: null,
13 verbose parsed url   host: null,
13 verbose parsed url   port: null,
13 verbose parsed url   hostname: null,
13 verbose parsed url   hash: null,
13 verbose parsed url   search: null,
13 verbose parsed url   query: null,
13 verbose parsed url   pathname: 'express@3.5.5',
13 verbose parsed url   path: 'express@3.5.5',
13 verbose parsed url   href: 'express@3.5.5' }
14 verbose already installed skipping express3-handlebars@^0.5.2 /Users/ivanlesko/Documents/Node Tutorials/20141210_Site
15 verbose cache add name="express" spec="3.5.5" args=["express","3.5.5"]
16 verbose parsed url { protocol: null,
16 verbose parsed url   slashes: null,
16 verbose parsed url   auth: null,
16 verbose parsed url   host: null,
16 verbose parsed url   port: null,
16 verbose parsed url   hostname: null,
16 verbose parsed url   hash: null,
16 verbose parsed url   search: null,
16 verbose parsed url   query: null,
16 verbose parsed url   pathname: '3.5.5',
16 verbose parsed url   path: '3.5.5',
16 verbose parsed url   href: '3.5.5' }
17 verbose addNamed [ 'express', '3.5.5' ]
18 verbose addNamed [ '3.5.5', '3.5.5' ]
19 silly lockFile cc3f2d84-express-3-5-5 express@3.5.5
20 verbose lock express@3.5.5 /Users/ivanlesko/.npm/cc3f2d84-express-3-5-5.lock
21 verbose request where is /express
22 verbose request registry https://registry.npmjs.org/
23 verbose request id 5667fd5068ba6edb
24 verbose url raw /express
25 verbose url resolving [ 'https://registry.npmjs.org/', './express' ]
26 verbose url resolved https://registry.npmjs.org/express
27 verbose request where is https://registry.npmjs.org/express
28 info trying registry request attempt 1 at 17:17:29
29 verbose etag "A9VIFC4UZUN0BS73CT9KFIRJJ"
30 http GET https://registry.npmjs.org/express
31 http 304 https://registry.npmjs.org/express
32 silly registry.get cb [ 304,
32 silly registry.get   { date: 'Fri, 05 Dec 2014 01:17:29 GMT',
32 silly registry.get     server: 'Apache',
32 silly registry.get     via: '1.1 varnish',
32 silly registry.get     'last-modified': 'Fri, 05 Dec 2014 01:17:29 GMT',
32 silly registry.get     'cache-control': 'max-age=60',
32 silly registry.get     etag: '"A9VIFC4UZUN0BS73CT9KFIRJJ"',
32 silly registry.get     age: '17',
32 silly registry.get     'x-served-by': 'cache-sjc3129-SJC',
32 silly registry.get     'x-cache': 'HIT',
32 silly registry.get     'x-cache-hits': '1',
32 silly registry.get     'x-timer': 'S1417742249.538129,VS0,VE1',
32 silly registry.get     vary: 'Accept',
32 silly registry.get     'content-length': '0',
32 silly registry.get     'keep-alive': 'timeout=10, max=50',
32 silly registry.get     connection: 'Keep-Alive' } ]
33 verbose etag https://registry.npmjs.org/express from cache
34 silly lockFile cc3f2d84-express-3-5-5 express@3.5.5
35 silly lockFile cc3f2d84-express-3-5-5 express@3.5.5
36 error Error: version not found: express@3.5.5
36 error     at /usr/local/lib/node_modules/npm/lib/cache/add-named.js:125:12
36 error     at saved (/usr/local/lib/node_modules/npm/node_modules/npm-registry-client/lib/get.js:167:7)
36 error     at Object.oncomplete (fs.js:107:15)
37 error If you need help, you may report this *entire* log,
37 error including the npm and node versions, at:
37 error     <http://github.com/npm/npm/issues>
38 error System Darwin 13.3.0
39 error command "node" "/usr/local/bin/npm" "install"
40 error cwd /Users/ivanlesko/Documents/Node Tutorials/20141210_Site
41 error node -v v0.10.33
42 error npm -v 1.4.28
43 verbose exit [ 1, true ]
